#
# A fatal error has been detected by the Java Runtime Environment:
#
#  EXCEPTION_ACCESS_VIOLATION (0xc0000005) at pc=0x00007ffb6e935d88, pid=368, tid=1676
#
# JRE version: OpenJDK Runtime Environment (15.0.1+9) (build 15.0.1+9-18)
# Java VM: OpenJDK 64-Bit Server VM (15.0.1+9-18, mixed mode, tiered, compressed oops, g1 gc, windows-amd64)
# Problematic frame:
# C  [amdocl64.dll+0x2d5d88]
#
# No core dump will be written. Minidumps are not enabled by default on client versions of Windows
#
# If you would like to submit a bug report, please visit:
#   https://bugreport.java.com/bugreport/crash.jsp
# The crash happened outside the Java Virtual Machine in native code.
# See problematic frame for where to report the bug.
#

---------------  S U M M A R Y ------------

Command Line: -Dfile.encoding=Cp1252 -XX:+ShowCodeDetailsInExceptionMessages main.Main

Host: Intel(R) Core(TM) i7-7500U CPU @ 2.70GHz, 4 cores, 7G,  Windows 10 , 64 bit Build 19041 (10.0.19041.804)
Time: Sat Mar  6 14:32:20 2021 Mitteleuropäische Zeit  elapsed time: 6.359970 seconds (0d 0h 0m 6s)

---------------  T H R E A D  ---------------

Current thread (0x000002582413f570):  JavaThread "Thread-1" [_thread_in_native, id=1676, stack(0x0000007eac800000,0x0000007eac900000)]

Stack: [0x0000007eac800000,0x0000007eac900000],  sp=0x0000007eac8fe8e0,  free space=1018k
Native frames: (J=compiled Java code, j=interpreted, Vv=VM code, C=native code)
C  [amdocl64.dll+0x2d5d88]

Java frames: (J=compiled Java code, j=interpreted, Vv=VM code)
j  org.lwjgl.opencl.CL10.nclCreateContext(JIJJJJJ)J+0
j  org.lwjgl.opencl.InfoUtilFactory$CLContextUtil.create(Lorg/lwjgl/opencl/CLPlatform;Ljava/util/List;Lorg/lwjgl/opencl/CLContextCallback;Lorg/lwjgl/opengl/Drawable;Ljava/nio/IntBuffer;)Lorg/lwjgl/opencl/CLContext;+218
j  org.lwjgl.opencl.CLContext.create(Lorg/lwjgl/opencl/CLPlatform;Ljava/util/List;Lorg/lwjgl/opencl/CLContextCallback;Lorg/lwjgl/opengl/Drawable;Ljava/nio/IntBuffer;)Lorg/lwjgl/opencl/CLContext;+9
j  org.lwjgl.opencl.CLContext.create(Lorg/lwjgl/opencl/CLPlatform;Ljava/util/List;Ljava/nio/IntBuffer;)Lorg/lwjgl/opencl/CLContext;+5
j  calc.GpuSolver.start()V+19
j  gui.Gui$6.run()V+43
v  ~StubRoutines::call_stub

siginfo: EXCEPTION_ACCESS_VIOLATION (0xc0000005), reading address 0xffffffffffffffff


Register to memory mapping:

RIP=0x00007ffb6e935d88 amdocl64.dll
RAX=0x63735f63696d6f74 is an unknown value
RBX=0x000002582424dcc8 points into unknown readable memory: 0x0000025824320d60 | 60 0d 32 24 58 02 00 00
RCX=0x0000000000004010 is an unknown value
RDX=0x0000025824320d60 points into unknown readable memory: 0x00007ffb72e8b560 | 60 b5 e8 72 fb 7f 00 00
RSP=0x0000007eac8fe8e0 is pointing into the stack for thread: 0x000002582413f570
RBP=0x000002582424dcd0 points into unknown readable memory: 0x0000020100656c62 | 62 6c 65 00 01 02 00 00
RSI=0x000002582244d820 points into unknown readable memory: 0x00007ffb707311f0 | f0 11 73 70 fb 7f 00 00
RDI=0x000002582244d8d0 points into unknown readable memory: 0x0000000000000000 | 00 00 00 00 00 00 00 00
R8 =0x0 is NULL
R9 =0x0000000000000040 is an unknown value
R10=0x0 is NULL
R11=0x0000000000003000 is an unknown value
R12=0x0000007eac8fe990 is pointing into the stack for thread: 0x000002582413f570
R13=0x0 is NULL
R14=0x0000025824dc3530 points into unknown readable memory: 0x0000025824dc3530 | 30 35 dc 24 58 02 00 00
R15=0x0000007eac8fe970 is pointing into the stack for thread: 0x000002582413f570


Registers:
RAX=0x63735f63696d6f74, RBX=0x000002582424dcc8, RCX=0x0000000000004010, RDX=0x0000025824320d60
RSP=0x0000007eac8fe8e0, RBP=0x000002582424dcd0, RSI=0x000002582244d820, RDI=0x000002582244d8d0
R8 =0x0000000000000000, R9 =0x0000000000000040, R10=0x0000000000000000, R11=0x0000000000003000
R12=0x0000007eac8fe990, R13=0x0000000000000000, R14=0x0000025824dc3530, R15=0x0000007eac8fe970
RIP=0x00007ffb6e935d88, EFLAGS=0x0000000000010246

Top of Stack: (sp=0x0000007eac8fe8e0)
0x0000007eac8fe8e0:   0000025805c279b0 00007ffb700e8b0c
0x0000007eac8fe8f0:   0000000000000000 0000000000000170
0x0000007eac8fe900:   fffffffffffffffe 0000007eac8f0000
0x0000007eac8fe910:   000002582413f570 0000007eac8febe0
0x0000007eac8fe920:   0000025826980790 0000000000000000
0x0000007eac8fe930:   0000000000000002 0000000000000002
0x0000007eac8fe940:   0000025805c279b0 00007ffb6e901a32
0x0000007eac8fe950:   000002582244d820 000002582244d8e8
0x0000007eac8fe960:   0000025805c279d8 0000000000000002
0x0000007eac8fe970:   000002582424dcc0 000002582424dcd0
0x0000007eac8fe980:   000002582424dcd0 0000025824320d60
0x0000007eac8fe990:   0000000000000000 0000000000000000
0x0000007eac8fe9a0:   0000000000000000 0000000000000000
0x0000007eac8fe9b0:   0000000000000000 0000000000000000
0x0000007eac8fe9c0:   0000000000000000 0000000000000000
0x0000007eac8fe9d0:   0000000000000000 0000000000000000 

Instructions: (pc=0x00007ffb6e935d88)
0x00007ffb6e935c88:   10 44 24 40 0f 11 46 70 41 0f 10 4c 24 50 0f 11
0x00007ffb6e935c98:   8e 80 00 00 00 f2 41 0f 10 44 24 60 f2 0f 11 86
0x00007ffb6e935ca8:   90 00 00 00 4c 89 ae 98 00 00 00 4c 89 ae a0 00
0x00007ffb6e935cb8:   00 00 4c 89 ae a8 00 00 00 48 8d be b0 00 00 00
0x00007ffb6e935cc8:   4c 89 2f 4c 89 6f 08 4c 89 6f 10 48 8d 9e c8 00
0x00007ffb6e935cd8:   00 00 48 89 5c 24 78 44 89 2b 4c 89 6b 08 4c 89
0x00007ffb6e935ce8:   6b 10 b9 28 00 00 00 e8 a4 43 76 01 4c 8b f0 48
0x00007ffb6e935cf8:   89 00 48 89 40 08 48 89 43 08 4c 89 6b 18 4c 89
0x00007ffb6e935d08:   6b 20 4c 89 6b 28 b9 80 00 00 00 e8 80 43 76 01
0x00007ffb6e935d18:   48 89 43 18 48 83 e8 80 48 89 43 28 48 8b 43 18
0x00007ffb6e935d28:   b9 10 00 00 00 0f 1f 00 4c 89 30 48 83 c0 08 48
0x00007ffb6e935d38:   83 e9 01 75 f3 48 89 43 20 48 c7 43 30 07 00 00
0x00007ffb6e935d48:   00 48 c7 43 38 08 00 00 00 c7 03 00 00 80 3f 48
0x00007ffb6e935d58:   8d 8e 08 01 00 00 45 33 c0 33 d2 e8 e8 0c 00 00
0x00007ffb6e935d68:   49 8b 6f 08 49 8b 1f 48 3b dd 74 5a 48 83 be a8
0x00007ffb6e935d78:   00 00 00 00 75 1c 48 8b 13 48 8b 82 18 05 00 00
0x00007ffb6e935d88:   8b 48 08 c1 e9 06 f6 c1 01 74 07 48 89 96 a8 00
0x00007ffb6e935d98:   00 00 48 8b 03 f6 80 c0 01 00 00 07 74 1f 48 8b
0x00007ffb6e935da8:   57 08 48 3b 57 10 74 0a 48 89 02 48 83 47 08 08
0x00007ffb6e935db8:   eb 0b 4c 8b c3 48 8b cf e8 5b e9 fb ff 48 83 c3
0x00007ffb6e935dc8:   08 48 3b dd 75 a6 4c 8b 4f 08 4c 8b 17 49 8b c1
0x00007ffb6e935dd8:   49 2b c2 48 c1 f8 03 48 83 f8 01 76 36 49 8b 02
0x00007ffb6e935de8:   44 8b 80 c0 01 00 00 41 83 e0 04 49 8b ca 4d 3b
0x00007ffb6e935df8:   d1 74 20 4d 85 c0 74 0c 48 8b 11 f6 82 c0 01 00
0x00007ffb6e935e08:   00 04 74 09 48 83 c1 08 49 3b c9 eb e4 49 89 12
0x00007ffb6e935e18:   48 89 01 48 8b c6 48 8b 9c 24 80 00 00 00 48 83
0x00007ffb6e935e28:   c4 30 41 5f 41 5e 41 5d 41 5c 5f 5e 5d c3 cc cc
0x00007ffb6e935e38:   cc cc cc cc cc cc cc cc 48 89 5c 24 08 57 48 83
0x00007ffb6e935e48:   ec 20 48 8b f9 33 db 48 8b 49 18 48 85 c9 74 3d
0x00007ffb6e935e58:   48 8b 57 28 48 2b d1 48 83 e2 f8 48 81 fa 00 10
0x00007ffb6e935e68:   00 00 72 18 4c 8b 41 f8 48 83 c2 27 49 2b c8 48
0x00007ffb6e935e78:   8d 41 f8 48 83 f8 1f 77 5c 49 8b c8 e8 d3 45 76 


Stack slot to memory mapping:
stack at sp + 0 slots: 0x0000025805c279b0 points into unknown readable memory: 0x0000000000001084 | 84 10 00 00 00 00 00 00
stack at sp + 1 slots: 0x00007ffb700e8b0c amdocl64.dll
stack at sp + 2 slots: 0x0 is NULL
stack at sp + 3 slots: 0x0000000000000170 is an unknown value
stack at sp + 4 slots: 0xfffffffffffffffe is an unknown value
stack at sp + 5 slots: 0x0000007eac8f0000 is pointing into the stack for thread: 0x000002582413f570
stack at sp + 6 slots: 0x000002582413f570 is a thread
stack at sp + 7 slots: 0x0000007eac8febe0 is pointing into the stack for thread: 0x000002582413f570


---------------  P R O C E S S  ---------------

Threads class SMR info:
_java_thread_list=0x0000025824dc3410, length=19, elements={
0x000002582157bc50, 0x000002582157c700, 0x0000025821d9f5b0, 0x0000025821da3e90,
0x0000025821da4940, 0x0000025821da7730, 0x0000025821dbee00, 0x0000025821e0dfa0,
0x0000025821f2ecd0, 0x0000025821f39da0, 0x0000025822398880, 0x00000258223e0cb0,
0x00000258223e15e0, 0x0000025822563390, 0x000002582413e700, 0x000002582413e230,
0x000002582413f0a0, 0x000002582413f570, 0x000002582413c080
}

Java Threads: ( => current thread )
  0x000002582157bc50 JavaThread "Reference Handler" daemon [_thread_blocked, id=3608, stack(0x0000007eaae00000,0x0000007eaaf00000)]
  0x000002582157c700 JavaThread "Finalizer" daemon [_thread_blocked, id=11468, stack(0x0000007eaaf00000,0x0000007eab000000)]
  0x0000025821d9f5b0 JavaThread "Signal Dispatcher" daemon [_thread_blocked, id=1768, stack(0x0000007eab000000,0x0000007eab100000)]
  0x0000025821da3e90 JavaThread "Attach Listener" daemon [_thread_blocked, id=1752, stack(0x0000007eab100000,0x0000007eab200000)]
  0x0000025821da4940 JavaThread "Service Thread" daemon [_thread_blocked, id=7628, stack(0x0000007eab200000,0x0000007eab300000)]
  0x0000025821da7730 JavaThread "C2 CompilerThread0" daemon [_thread_blocked, id=1000, stack(0x0000007eab300000,0x0000007eab400000)]
  0x0000025821dbee00 JavaThread "C1 CompilerThread0" daemon [_thread_blocked, id=7464, stack(0x0000007eab400000,0x0000007eab500000)]
  0x0000025821e0dfa0 JavaThread "Sweeper thread" daemon [_thread_blocked, id=11580, stack(0x0000007eab500000,0x0000007eab600000)]
  0x0000025821f2ecd0 JavaThread "Notification Thread" daemon [_thread_blocked, id=9872, stack(0x0000007eab600000,0x0000007eab700000)]
  0x0000025821f39da0 JavaThread "Common-Cleaner" daemon [_thread_blocked, id=7664, stack(0x0000007eab800000,0x0000007eab900000)]
  0x0000025822398880 JavaThread "Java2D Disposer" daemon [_thread_blocked, id=8176, stack(0x0000007eab900000,0x0000007eaba00000)]
  0x00000258223e0cb0 JavaThread "AWT-Shutdown" [_thread_blocked, id=1792, stack(0x0000007eaba00000,0x0000007eabb00000)]
  0x00000258223e15e0 JavaThread "AWT-Windows" daemon [_thread_in_native, id=1656, stack(0x0000007eabb00000,0x0000007eabc00000)]
  0x0000025822563390 JavaThread "AWT-EventQueue-0" [_thread_blocked, id=9876, stack(0x0000007eabc00000,0x0000007eabd00000)]
  0x000002582413e700 JavaThread "Thread-0" [_thread_blocked, id=11652, stack(0x0000007eac200000,0x0000007eac300000)]
  0x000002582413e230 JavaThread "DestroyJavaVM" [_thread_blocked, id=7012, stack(0x0000007eaa700000,0x0000007eaa800000)]
  0x000002582413f0a0 JavaThread "TimerQueue" daemon [_thread_blocked, id=1108, stack(0x0000007eabe00000,0x0000007eabf00000)]
=>0x000002582413f570 JavaThread "Thread-1" [_thread_in_native, id=1676, stack(0x0000007eac800000,0x0000007eac900000)]
  0x000002582413c080 JavaThread "Thread-2" [_thread_blocked, id=11684, stack(0x0000007eac900000,0x0000007eaca00000)]

Other Threads:
  0x0000025821555f60 VMThread "VM Thread" [stack: 0x0000007eaad00000,0x0000007eaae00000] [id=1956]
  0x0000025821f2f1a0 WatcherThread [stack: 0x0000007eab700000,0x0000007eab800000] [id=8168]
  0x0000025805baf870 GCTaskThread "GC Thread#0" [stack: 0x0000007eaa800000,0x0000007eaa900000] [id=9884]
  0x000002582238f370 GCTaskThread "GC Thread#1" [stack: 0x0000007eac300000,0x0000007eac400000] [id=10528]
  0x000002582238f6a0 GCTaskThread "GC Thread#2" [stack: 0x0000007eac400000,0x0000007eac500000] [id=7348]
  0x000002582238fd00 GCTaskThread "GC Thread#3" [stack: 0x0000007eac500000,0x0000007eac600000] [id=10840]
  0x0000025805bc1790 ConcurrentGCThread "G1 Main Marker" [stack: 0x0000007eaa900000,0x0000007eaaa00000] [id=11736]
  0x0000025805bc2cf0 ConcurrentGCThread "G1 Conc#0" [stack: 0x0000007eaaa00000,0x0000007eaab00000] [id=7992]
  0x0000025805c39170 ConcurrentGCThread "G1 Refine#0" [stack: 0x0000007eaab00000,0x0000007eaac00000] [id=2056]
  0x0000025824d31100 ConcurrentGCThread "G1 Refine#1" [stack: 0x0000007eac600000,0x0000007eac700000] [id=4596]
  0x0000025824d2f600 ConcurrentGCThread "G1 Refine#2" [stack: 0x0000007eac700000,0x0000007eac800000] [id=10668]
  0x0000025805c3b520 ConcurrentGCThread "G1 Young RemSet Sampling" [stack: 0x0000007eaac00000,0x0000007eaad00000] [id=5992]

Threads with active compile tasks:

VM state: not at safepoint (normal execution)

VM Mutex/Monitor currently owned by a thread: None

Heap address: 0x0000000081e00000, size: 2018 MB, Compressed Oops mode: 32-bit
CDS disabled.
Compressed class space mapped at: 0x0000000100000000-0x0000000140000000, size: 1073741824
Narrow klass base: 0x0000000000000000, Narrow klass shift: 3, Narrow klass range: 0x140000000

GC Precious Log:
 CPUs: 4 total, 4 available
 Memory: 8071M
 Large Page Support: Disabled
 NUMA Support: Disabled
 Compressed Oops: Enabled (32-bit)
 Heap Region Size: 1M
 Heap Min Capacity: 8M
 Heap Initial Capacity: 128M
 Heap Max Capacity: 2018M
 Pre-touch: Disabled
 Parallel Workers: 4
 Concurrent Workers: 1
 Concurrent Refinement Workers: 4
 Periodic GC: Disabled

Heap:
 garbage-first heap   total 131072K, used 7140K [0x0000000081e00000, 0x0000000100000000)
  region size 1024K, 3 young (3072K), 2 survivors (2048K)
 Metaspace       used 19994K, capacity 20201K, committed 20352K, reserved 1067008K
  class space    used 2049K, capacity 2122K, committed 2176K, reserved 1048576K

Heap Regions: E=young(eden), S=young(survivor), O=old, HS=humongous(starts), HC=humongous(continues), CS=collection set, F=free, OA=open archive, CA=closed archive, TAMS=top-at-mark-start (previous, next)
|   0|0x0000000081e00000, 0x0000000081f00000, 0x0000000081f00000|100%|HS|  |TAMS 0x0000000081e00000, 0x0000000081e00000| Complete 
|   1|0x0000000081f00000, 0x0000000082000000, 0x0000000082000000|100%|HS|  |TAMS 0x0000000081f00000, 0x0000000081f00000| Complete 
|   2|0x0000000082000000, 0x0000000082100000, 0x0000000082100000|100%|HC|  |TAMS 0x0000000082000000, 0x0000000082000000| Complete 
|   3|0x0000000082100000, 0x0000000082200000, 0x0000000082200000|100%| O|  |TAMS 0x0000000082100000, 0x0000000082100000| Untracked 
|   4|0x0000000082200000, 0x00000000822f9000, 0x0000000082300000| 97%| O|  |TAMS 0x0000000082200000, 0x0000000082200000| Untracked 
|   5|0x0000000082300000, 0x0000000082300000, 0x0000000082400000|  0%| F|  |TAMS 0x0000000082300000, 0x0000000082300000| Untracked 
|   6|0x0000000082400000, 0x0000000082400000, 0x0000000082500000|  0%| F|  |TAMS 0x0000000082400000, 0x0000000082400000| Untracked 
|   7|0x0000000082500000, 0x0000000082500000, 0x0000000082600000|  0%| F|  |TAMS 0x0000000082500000, 0x0000000082500000| Untracked 
|   8|0x0000000082600000, 0x0000000082600000, 0x0000000082700000|  0%| F|  |TAMS 0x0000000082600000, 0x0000000082600000| Untracked 
|   9|0x0000000082700000, 0x0000000082700000, 0x0000000082800000|  0%| F|  |TAMS 0x0000000082700000, 0x0000000082700000| Untracked 
|  10|0x0000000082800000, 0x0000000082800000, 0x0000000082900000|  0%| F|  |TAMS 0x0000000082800000, 0x0000000082800000| Untracked 
|  11|0x0000000082900000, 0x0000000082900000, 0x0000000082a00000|  0%| F|  |TAMS 0x0000000082900000, 0x0000000082900000| Untracked 
|  12|0x0000000082a00000, 0x0000000082a00000, 0x0000000082b00000|  0%| F|  |TAMS 0x0000000082a00000, 0x0000000082a00000| Untracked 
|  13|0x0000000082b00000, 0x0000000082b00000, 0x0000000082c00000|  0%| F|  |TAMS 0x0000000082b00000, 0x0000000082b00000| Untracked 
|  14|0x0000000082c00000, 0x0000000082c00000, 0x0000000082d00000|  0%| F|  |TAMS 0x0000000082c00000, 0x0000000082c00000| Untracked 
|  15|0x0000000082d00000, 0x0000000082d00000, 0x0000000082e00000|  0%| F|  |TAMS 0x0000000082d00000, 0x0000000082d00000| Untracked 
|  16|0x0000000082e00000, 0x0000000082e00000, 0x0000000082f00000|  0%| F|  |TAMS 0x0000000082e00000, 0x0000000082e00000| Untracked 
|  17|0x0000000082f00000, 0x0000000082f00000, 0x0000000083000000|  0%| F|  |TAMS 0x0000000082f00000, 0x0000000082f00000| Untracked 
|  18|0x0000000083000000, 0x0000000083000000, 0x0000000083100000|  0%| F|  |TAMS 0x0000000083000000, 0x0000000083000000| Untracked 
|  19|0x0000000083100000, 0x0000000083100000, 0x0000000083200000|  0%| F|  |TAMS 0x0000000083100000, 0x0000000083100000| Untracked 
|  20|0x0000000083200000, 0x0000000083200000, 0x0000000083300000|  0%| F|  |TAMS 0x0000000083200000, 0x0000000083200000| Untracked 
|  21|0x0000000083300000, 0x0000000083300000, 0x0000000083400000|  0%| F|  |TAMS 0x0000000083300000, 0x0000000083300000| Untracked 
|  22|0x0000000083400000, 0x0000000083400000, 0x0000000083500000|  0%| F|  |TAMS 0x0000000083400000, 0x0000000083400000| Untracked 
|  23|0x0000000083500000, 0x0000000083500000, 0x0000000083600000|  0%| F|  |TAMS 0x0000000083500000, 0x0000000083500000| Untracked 
|  24|0x0000000083600000, 0x0000000083600000, 0x0000000083700000|  0%| F|  |TAMS 0x0000000083600000, 0x0000000083600000| Untracked 
|  25|0x0000000083700000, 0x0000000083700000, 0x0000000083800000|  0%| F|  |TAMS 0x0000000083700000, 0x0000000083700000| Untracked 
|  26|0x0000000083800000, 0x0000000083800000, 0x0000000083900000|  0%| F|  |TAMS 0x0000000083800000, 0x0000000083800000| Untracked 
|  27|0x0000000083900000, 0x0000000083900000, 0x0000000083a00000|  0%| F|  |TAMS 0x0000000083900000, 0x0000000083900000| Untracked 
|  28|0x0000000083a00000, 0x0000000083a00000, 0x0000000083b00000|  0%| F|  |TAMS 0x0000000083a00000, 0x0000000083a00000| Untracked 
|  29|0x0000000083b00000, 0x0000000083b00000, 0x0000000083c00000|  0%| F|  |TAMS 0x0000000083b00000, 0x0000000083b00000| Untracked 
|  30|0x0000000083c00000, 0x0000000083c00000, 0x0000000083d00000|  0%| F|  |TAMS 0x0000000083c00000, 0x0000000083c00000| Untracked 
|  31|0x0000000083d00000, 0x0000000083d00000, 0x0000000083e00000|  0%| F|  |TAMS 0x0000000083d00000, 0x0000000083d00000| Untracked 
|  32|0x0000000083e00000, 0x0000000083e00000, 0x0000000083f00000|  0%| F|  |TAMS 0x0000000083e00000, 0x0000000083e00000| Untracked 
|  33|0x0000000083f00000, 0x0000000083f00000, 0x0000000084000000|  0%| F|  |TAMS 0x0000000083f00000, 0x0000000083f00000| Untracked 
|  34|0x0000000084000000, 0x0000000084000000, 0x0000000084100000|  0%| F|  |TAMS 0x0000000084000000, 0x0000000084000000| Untracked 
|  35|0x0000000084100000, 0x0000000084100000, 0x0000000084200000|  0%| F|  |TAMS 0x0000000084100000, 0x0000000084100000| Untracked 
|  36|0x0000000084200000, 0x0000000084200000, 0x0000000084300000|  0%| F|  |TAMS 0x0000000084200000, 0x0000000084200000| Untracked 
|  37|0x0000000084300000, 0x0000000084300000, 0x0000000084400000|  0%| F|  |TAMS 0x0000000084300000, 0x0000000084300000| Untracked 
|  38|0x0000000084400000, 0x0000000084400000, 0x0000000084500000|  0%| F|  |TAMS 0x0000000084400000, 0x0000000084400000| Untracked 
|  39|0x0000000084500000, 0x0000000084500000, 0x0000000084600000|  0%| F|  |TAMS 0x0000000084500000, 0x0000000084500000| Untracked 
|  40|0x0000000084600000, 0x0000000084600000, 0x0000000084700000|  0%| F|  |TAMS 0x0000000084600000, 0x0000000084600000| Untracked 
|  41|0x0000000084700000, 0x0000000084700000, 0x0000000084800000|  0%| F|  |TAMS 0x0000000084700000, 0x0000000084700000| Untracked 
|  42|0x0000000084800000, 0x0000000084800000, 0x0000000084900000|  0%| F|  |TAMS 0x0000000084800000, 0x0000000084800000| Untracked 
|  43|0x0000000084900000, 0x0000000084900000, 0x0000000084a00000|  0%| F|  |TAMS 0x0000000084900000, 0x0000000084900000| Untracked 
|  44|0x0000000084a00000, 0x0000000084a00000, 0x0000000084b00000|  0%| F|  |TAMS 0x0000000084a00000, 0x0000000084a00000| Untracked 
|  45|0x0000000084b00000, 0x0000000084b00000, 0x0000000084c00000|  0%| F|  |TAMS 0x0000000084b00000, 0x0000000084b00000| Untracked 
|  46|0x0000000084c00000, 0x0000000084c00000, 0x0000000084d00000|  0%| F|  |TAMS 0x0000000084c00000, 0x0000000084c00000| Untracked 
|  47|0x0000000084d00000, 0x0000000084d00000, 0x0000000084e00000|  0%| F|  |TAMS 0x0000000084d00000, 0x0000000084d00000| Untracked 
|  48|0x0000000084e00000, 0x0000000084e00000, 0x0000000084f00000|  0%| F|  |TAMS 0x0000000084e00000, 0x0000000084e00000| Untracked 
|  49|0x0000000084f00000, 0x0000000084f00000, 0x0000000085000000|  0%| F|  |TAMS 0x0000000084f00000, 0x0000000084f00000| Untracked 
|  50|0x0000000085000000, 0x0000000085000000, 0x0000000085100000|  0%| F|  |TAMS 0x0000000085000000, 0x0000000085000000| Untracked 
|  51|0x0000000085100000, 0x0000000085100000, 0x0000000085200000|  0%| F|  |TAMS 0x0000000085100000, 0x0000000085100000| Untracked 
|  52|0x0000000085200000, 0x0000000085200000, 0x0000000085300000|  0%| F|  |TAMS 0x0000000085200000, 0x0000000085200000| Untracked 
|  53|0x0000000085300000, 0x0000000085300000, 0x0000000085400000|  0%| F|  |TAMS 0x0000000085300000, 0x0000000085300000| Untracked 
|  54|0x0000000085400000, 0x0000000085400000, 0x0000000085500000|  0%| F|  |TAMS 0x0000000085400000, 0x0000000085400000| Untracked 
|  55|0x0000000085500000, 0x0000000085500000, 0x0000000085600000|  0%| F|  |TAMS 0x0000000085500000, 0x0000000085500000| Untracked 
|  56|0x0000000085600000, 0x0000000085600000, 0x0000000085700000|  0%| F|  |TAMS 0x0000000085600000, 0x0000000085600000| Untracked 
|  57|0x0000000085700000, 0x0000000085700000, 0x0000000085800000|  0%| F|  |TAMS 0x0000000085700000, 0x0000000085700000| Untracked 
|  58|0x0000000085800000, 0x0000000085800000, 0x0000000085900000|  0%| F|  |TAMS 0x0000000085800000, 0x0000000085800000| Untracked 
|  59|0x0000000085900000, 0x0000000085900000, 0x0000000085a00000|  0%| F|  |TAMS 0x0000000085900000, 0x0000000085900000| Untracked 
|  60|0x0000000085a00000, 0x0000000085a00000, 0x0000000085b00000|  0%| F|  |TAMS 0x0000000085a00000, 0x0000000085a00000| Untracked 
|  61|0x0000000085b00000, 0x0000000085b00000, 0x0000000085c00000|  0%| F|  |TAMS 0x0000000085b00000, 0x0000000085b00000| Untracked 
|  62|0x0000000085c00000, 0x0000000085c00000, 0x0000000085d00000|  0%| F|  |TAMS 0x0000000085c00000, 0x0000000085c00000| Untracked 
|  63|0x0000000085d00000, 0x0000000085d00000, 0x0000000085e00000|  0%| F|  |TAMS 0x0000000085d00000, 0x0000000085d00000| Untracked 
|  64|0x0000000085e00000, 0x0000000085e00000, 0x0000000085f00000|  0%| F|  |TAMS 0x0000000085e00000, 0x0000000085e00000| Untracked 
|  65|0x0000000085f00000, 0x0000000085f00000, 0x0000000086000000|  0%| F|  |TAMS 0x0000000085f00000, 0x0000000085f00000| Untracked 
|  66|0x0000000086000000, 0x0000000086000000, 0x0000000086100000|  0%| F|  |TAMS 0x0000000086000000, 0x0000000086000000| Untracked 
|  67|0x0000000086100000, 0x0000000086100000, 0x0000000086200000|  0%| F|  |TAMS 0x0000000086100000, 0x0000000086100000| Untracked 
|  68|0x0000000086200000, 0x0000000086200000, 0x0000000086300000|  0%| F|  |TAMS 0x0000000086200000, 0x0000000086200000| Untracked 
|  69|0x0000000086300000, 0x0000000086300000, 0x0000000086400000|  0%| F|  |TAMS 0x0000000086300000, 0x0000000086300000| Untracked 
|  70|0x0000000086400000, 0x0000000086400000, 0x0000000086500000|  0%| F|  |TAMS 0x0000000086400000, 0x0000000086400000| Untracked 
|  71|0x0000000086500000, 0x0000000086500000, 0x0000000086600000|  0%| F|  |TAMS 0x0000000086500000, 0x0000000086500000| Untracked 
|  72|0x0000000086600000, 0x0000000086600000, 0x0000000086700000|  0%| F|  |TAMS 0x0000000086600000, 0x0000000086600000| Untracked 
|  73|0x0000000086700000, 0x0000000086700000, 0x0000000086800000|  0%| F|  |TAMS 0x0000000086700000, 0x0000000086700000| Untracked 
|  74|0x0000000086800000, 0x0000000086800000, 0x0000000086900000|  0%| F|  |TAMS 0x0000000086800000, 0x0000000086800000| Untracked 
|  75|0x0000000086900000, 0x0000000086900000, 0x0000000086a00000|  0%| F|  |TAMS 0x0000000086900000, 0x0000000086900000| Untracked 
|  76|0x0000000086a00000, 0x0000000086a00000, 0x0000000086b00000|  0%| F|  |TAMS 0x0000000086a00000, 0x0000000086a00000| Untracked 
|  77|0x0000000086b00000, 0x0000000086b00000, 0x0000000086c00000|  0%| F|  |TAMS 0x0000000086b00000, 0x0000000086b00000| Untracked 
|  78|0x0000000086c00000, 0x0000000086c00000, 0x0000000086d00000|  0%| F|  |TAMS 0x0000000086c00000, 0x0000000086c00000| Untracked 
|  79|0x0000000086d00000, 0x0000000086d00000, 0x0000000086e00000|  0%| F|  |TAMS 0x0000000086d00000, 0x0000000086d00000| Untracked 
|  80|0x0000000086e00000, 0x0000000086e00000, 0x0000000086f00000|  0%| F|  |TAMS 0x0000000086e00000, 0x0000000086e00000| Untracked 
|  81|0x0000000086f00000, 0x0000000086f00000, 0x0000000087000000|  0%| F|  |TAMS 0x0000000086f00000, 0x0000000086f00000| Untracked 
|  82|0x0000000087000000, 0x0000000087000000, 0x0000000087100000|  0%| F|  |TAMS 0x0000000087000000, 0x0000000087000000| Untracked 
|  83|0x0000000087100000, 0x0000000087100000, 0x0000000087200000|  0%| F|  |TAMS 0x0000000087100000, 0x0000000087100000| Untracked 
|  84|0x0000000087200000, 0x0000000087200000, 0x0000000087300000|  0%| F|  |TAMS 0x0000000087200000, 0x0000000087200000| Untracked 
|  85|0x0000000087300000, 0x0000000087300000, 0x0000000087400000|  0%| F|  |TAMS 0x0000000087300000, 0x0000000087300000| Untracked 
|  86|0x0000000087400000, 0x0000000087400000, 0x0000000087500000|  0%| F|  |TAMS 0x0000000087400000, 0x0000000087400000| Untracked 
|  87|0x0000000087500000, 0x0000000087500000, 0x0000000087600000|  0%| F|  |TAMS 0x0000000087500000, 0x0000000087500000| Untracked 
|  88|0x0000000087600000, 0x0000000087600000, 0x0000000087700000|  0%| F|  |TAMS 0x0000000087600000, 0x0000000087600000| Untracked 
|  89|0x0000000087700000, 0x0000000087700000, 0x0000000087800000|  0%| F|  |TAMS 0x0000000087700000, 0x0000000087700000| Untracked 
|  90|0x0000000087800000, 0x0000000087800000, 0x0000000087900000|  0%| F|  |TAMS 0x0000000087800000, 0x0000000087800000| Untracked 
|  91|0x0000000087900000, 0x0000000087900000, 0x0000000087a00000|  0%| F|  |TAMS 0x0000000087900000, 0x0000000087900000| Untracked 
|  92|0x0000000087a00000, 0x0000000087a00000, 0x0000000087b00000|  0%| F|  |TAMS 0x0000000087a00000, 0x0000000087a00000| Untracked 
|  93|0x0000000087b00000, 0x0000000087b00000, 0x0000000087c00000|  0%| F|  |TAMS 0x0000000087b00000, 0x0000000087b00000| Untracked 
|  94|0x0000000087c00000, 0x0000000087c00000, 0x0000000087d00000|  0%| F|  |TAMS 0x0000000087c00000, 0x0000000087c00000| Untracked 
|  95|0x0000000087d00000, 0x0000000087d00000, 0x0000000087e00000|  0%| F|  |TAMS 0x0000000087d00000, 0x0000000087d00000| Untracked 
|  96|0x0000000087e00000, 0x0000000087e00000, 0x0000000087f00000|  0%| F|  |TAMS 0x0000000087e00000, 0x0000000087e00000| Untracked 
|  97|0x0000000087f00000, 0x0000000087f00000, 0x0000000088000000|  0%| F|  |TAMS 0x0000000087f00000, 0x0000000087f00000| Untracked 
|  98|0x0000000088000000, 0x0000000088000000, 0x0000000088100000|  0%| F|  |TAMS 0x0000000088000000, 0x0000000088000000| Untracked 
|  99|0x0000000088100000, 0x0000000088100000, 0x0000000088200000|  0%| F|  |TAMS 0x0000000088100000, 0x0000000088100000| Untracked 
| 100|0x0000000088200000, 0x0000000088200000, 0x0000000088300000|  0%| F|  |TAMS 0x0000000088200000, 0x0000000088200000| Untracked 
| 101|0x0000000088300000, 0x0000000088300000, 0x0000000088400000|  0%| F|  |TAMS 0x0000000088300000, 0x0000000088300000| Untracked 
| 102|0x0000000088400000, 0x0000000088400000, 0x0000000088500000|  0%| F|  |TAMS 0x0000000088400000, 0x0000000088400000| Untracked 
| 103|0x0000000088500000, 0x0000000088500000, 0x0000000088600000|  0%| F|  |TAMS 0x0000000088500000, 0x0000000088500000| Untracked 
| 104|0x0000000088600000, 0x0000000088600000, 0x0000000088700000|  0%| F|  |TAMS 0x0000000088600000, 0x0000000088600000| Untracked 
| 105|0x0000000088700000, 0x0000000088700000, 0x0000000088800000|  0%| F|  |TAMS 0x0000000088700000, 0x0000000088700000| Untracked 
| 106|0x0000000088800000, 0x0000000088800000, 0x0000000088900000|  0%| F|  |TAMS 0x0000000088800000, 0x0000000088800000| Untracked 
| 107|0x0000000088900000, 0x0000000088900000, 0x0000000088a00000|  0%| F|  |TAMS 0x0000000088900000, 0x0000000088900000| Untracked 
| 108|0x0000000088a00000, 0x0000000088a00000, 0x0000000088b00000|  0%| F|  |TAMS 0x0000000088a00000, 0x0000000088a00000| Untracked 
| 109|0x0000000088b00000, 0x0000000088b00000, 0x0000000088c00000|  0%| F|  |TAMS 0x0000000088b00000, 0x0000000088b00000| Untracked 
| 110|0x0000000088c00000, 0x0000000088c00000, 0x0000000088d00000|  0%| F|  |TAMS 0x0000000088c00000, 0x0000000088c00000| Untracked 
| 111|0x0000000088d00000, 0x0000000088d00000, 0x0000000088e00000|  0%| F|  |TAMS 0x0000000088d00000, 0x0000000088d00000| Untracked 
| 112|0x0000000088e00000, 0x0000000088e00000, 0x0000000088f00000|  0%| F|  |TAMS 0x0000000088e00000, 0x0000000088e00000| Untracked 
| 113|0x0000000088f00000, 0x0000000089000000, 0x0000000089000000|100%| S|CS|TAMS 0x0000000088f00000, 0x0000000088f00000| Complete 
| 114|0x0000000089000000, 0x0000000089100000, 0x0000000089100000|100%| S|CS|TAMS 0x0000000089000000, 0x0000000089000000| Complete 
| 115|0x0000000089100000, 0x0000000089100000, 0x0000000089200000|  0%| F|  |TAMS 0x0000000089100000, 0x0000000089100000| Untracked 
| 116|0x0000000089200000, 0x0000000089200000, 0x0000000089300000|  0%| F|  |TAMS 0x0000000089200000, 0x0000000089200000| Untracked 
| 117|0x0000000089300000, 0x0000000089300000, 0x0000000089400000|  0%| F|  |TAMS 0x0000000089300000, 0x0000000089300000| Untracked 
| 118|0x0000000089400000, 0x0000000089400000, 0x0000000089500000|  0%| F|  |TAMS 0x0000000089400000, 0x0000000089400000| Untracked 
| 119|0x0000000089500000, 0x0000000089500000, 0x0000000089600000|  0%| F|  |TAMS 0x0000000089500000, 0x0000000089500000| Untracked 
| 120|0x0000000089600000, 0x0000000089600000, 0x0000000089700000|  0%| F|  |TAMS 0x0000000089600000, 0x0000000089600000| Untracked 
| 121|0x0000000089700000, 0x0000000089700000, 0x0000000089800000|  0%| F|  |TAMS 0x0000000089700000, 0x0000000089700000| Untracked 
| 122|0x0000000089800000, 0x0000000089800000, 0x0000000089900000|  0%| F|  |TAMS 0x0000000089800000, 0x0000000089800000| Untracked 
| 123|0x0000000089900000, 0x0000000089900000, 0x0000000089a00000|  0%| F|  |TAMS 0x0000000089900000, 0x0000000089900000| Untracked 
| 124|0x0000000089a00000, 0x0000000089a00000, 0x0000000089b00000|  0%| F|  |TAMS 0x0000000089a00000, 0x0000000089a00000| Untracked 
| 125|0x0000000089b00000, 0x0000000089b00000, 0x0000000089c00000|  0%| F|  |TAMS 0x0000000089b00000, 0x0000000089b00000| Untracked 
| 126|0x0000000089c00000, 0x0000000089c00000, 0x0000000089d00000|  0%| F|  |TAMS 0x0000000089c00000, 0x0000000089c00000| Untracked 
| 127|0x0000000089d00000, 0x0000000089daeef0, 0x0000000089e00000| 68%| E|  |TAMS 0x0000000089d00000, 0x0000000089d00000| Complete 

Card table byte_map: [0x000002581a7d0000,0x000002581abd0000] _byte_map_base: 0x000002581a3c1000

Marking Bits (Prev, Next): (CMBitMap*) 0x0000025805bb10f0, (CMBitMap*) 0x0000025805bb1130
 Prev Bits: [0x000002581afd0000, 0x000002581cf58000)
 Next Bits: [0x000002581cf60000, 0x000002581eee8000)

Polling page: 0x0000025805c50000

Metaspace:

Usage:
  Non-class:     17.66 MB capacity,    17.52 MB (>99%) used,   111.41 KB ( <1%) free+waste,    22.38 KB ( <1%) overhead. 
      Class:      2.07 MB capacity,     2.00 MB ( 97%) used,    64.79 KB (  3%) free+waste,     7.56 KB ( <1%) overhead. 
       Both:     19.73 MB capacity,    19.53 MB ( 99%) used,   176.20 KB ( <1%) free+waste,    29.94 KB ( <1%) overhead. 

Virtual space:
  Non-class space:       18.00 MB reserved,      17.75 MB ( 99%) committed 
      Class space:        1.00 GB reserved,       2.12 MB ( <1%) committed 
             Both:        1.02 GB reserved,      19.88 MB (  2%) committed 

Chunk freelists:
   Non-Class:  33.00 KB
       Class:  22.00 KB
        Both:  55.00 KB

MaxMetaspaceSize: 17179869184.00 GB
CompressedClassSpaceSize: 1.00 GB

CodeHeap 'non-profiled nmethods': size=120000Kb used=449Kb max_used=449Kb free=119550Kb
 bounds [0x0000025812880000, 0x0000025812af0000, 0x0000025819db0000]
CodeHeap 'profiled nmethods': size=120000Kb used=2467Kb max_used=2467Kb free=117532Kb
 bounds [0x000002580b350000, 0x000002580b5c0000, 0x0000025812880000]
CodeHeap 'non-nmethods': size=5760Kb used=1358Kb max_used=1375Kb free=4401Kb
 bounds [0x000002580adb0000, 0x000002580b020000, 0x000002580b350000]
 total_blobs=2181 nmethods=1508 adapters=586
 compilation: enabled
              stopped_count=0, restarted_count=0
 full_count=0

Compilation events (20 events):
Event: 6.322 Thread 0x0000025821dbee00 1494       1       javax.swing.JLabel::getVerticalAlignment (5 bytes)
Event: 6.322 Thread 0x0000025821dbee00 nmethod 1494 0x00000258128eca90 code [0x00000258128ecc20, 0x00000258128eccd8]
Event: 6.322 Thread 0x0000025821dbee00 1495       1       javax.swing.JLabel::getHorizontalAlignment (5 bytes)
Event: 6.322 Thread 0x0000025821dbee00 nmethod 1495 0x00000258128ecd90 code [0x00000258128ecf20, 0x00000258128ecfd8]
Event: 6.322 Thread 0x0000025821dbee00 1496       1       javax.swing.JLabel::getVerticalTextPosition (5 bytes)
Event: 6.322 Thread 0x0000025821dbee00 nmethod 1496 0x00000258128ed090 code [0x00000258128ed220, 0x00000258128ed2d8]
Event: 6.322 Thread 0x0000025821dbee00 1501   !   3       sun.font.FontDesignMetrics::getMetrics (265 bytes)
Event: 6.325 Thread 0x0000025821dbee00 nmethod 1501 0x000002580b5b1c90 code [0x000002580b5b2120, 0x000002580b5b4958]
Event: 6.325 Thread 0x0000025821dbee00 1500       3       sun.font.FontDesignMetrics$MetricsKey::equals (49 bytes)
Event: 6.325 Thread 0x0000025821dbee00 nmethod 1500 0x000002580b5b5710 code [0x000002580b5b58e0, 0x000002580b5b5e98]
Event: 6.325 Thread 0x0000025821dbee00 1502       3       sun.swing.SwingUtilities2::getFRCProperty (38 bytes)
Event: 6.326 Thread 0x0000025821dbee00 nmethod 1502 0x000002580b5b6010 code [0x000002580b5b61e0, 0x000002580b5b65a8]
Event: 6.326 Thread 0x0000025821dbee00 1497       1       javax.swing.JLabel::getHorizontalTextPosition (5 bytes)
Event: 6.326 Thread 0x0000025821dbee00 nmethod 1497 0x00000258128ed390 code [0x00000258128ed520, 0x00000258128ed5d8]
Event: 6.326 Thread 0x0000025821dbee00 1498       1       javax.swing.JLabel::getIconTextGap (5 bytes)
Event: 6.326 Thread 0x0000025821dbee00 nmethod 1498 0x00000258128ed690 code [0x00000258128ed820, 0x00000258128ed8d8]
Event: 6.326 Thread 0x0000025821dbee00 1499       1       javax.swing.JLabel::getDisplayedMnemonic (5 bytes)
Event: 6.326 Thread 0x0000025821dbee00 nmethod 1499 0x00000258128ed990 code [0x00000258128edb20, 0x00000258128edbd8]
Event: 6.326 Thread 0x0000025821dbee00 1503       3       sun.java2d.pipe.Region::<init> (26 bytes)
Event: 6.326 Thread 0x0000025821dbee00 nmethod 1503 0x000002580b5b6710 code [0x000002580b5b68a0, 0x000002580b5b69f8]

GC Heap History (2 events):
Event: 6.307 GC heap before
{Heap before GC invocations=0 (full 0):
 garbage-first heap   total 131072K, used 16384K [0x0000000081e00000, 0x0000000100000000)
  region size 1024K, 13 young (13312K), 0 survivors (0K)
 Metaspace       used 19941K, capacity 20137K, committed 20352K, reserved 1067008K
  class space    used 2045K, capacity 2122K, committed 2176K, reserved 1048576K
}
Event: 6.314 GC heap after
{Heap after GC invocations=1 (full 0):
 garbage-first heap   total 131072K, used 7140K [0x0000000081e00000, 0x0000000100000000)
  region size 1024K, 2 young (2048K), 2 survivors (2048K)
 Metaspace       used 19941K, capacity 20137K, committed 20352K, reserved 1067008K
  class space    used 2045K, capacity 2122K, committed 2176K, reserved 1048576K
}

Deoptimization events (20 events):
Event: 1.338 Thread 0x00000258228eb080 DEOPT PACKING pc=0x000002580b4f7744 sp=0x0000007eabdfeb40
Event: 1.338 Thread 0x00000258228eb080 DEOPT UNPACKING pc=0x000002580adfe23f sp=0x0000007eabdfe030 mode 0
Event: 1.338 Thread 0x00000258228eb080 DEOPT PACKING pc=0x000002580b4f7744 sp=0x0000007eabdfeb40
Event: 1.338 Thread 0x00000258228eb080 DEOPT UNPACKING pc=0x000002580adfe23f sp=0x0000007eabdfe030 mode 0
Event: 1.338 Thread 0x00000258228eb080 DEOPT PACKING pc=0x000002580b4f7744 sp=0x0000007eabdfeb40
Event: 1.338 Thread 0x00000258228eb080 DEOPT UNPACKING pc=0x000002580adfe23f sp=0x0000007eabdfe030 mode 0
Event: 1.338 Thread 0x00000258228eb080 DEOPT PACKING pc=0x000002580b4f7744 sp=0x0000007eabdfeb40
Event: 1.338 Thread 0x00000258228eb080 DEOPT UNPACKING pc=0x000002580adfe23f sp=0x0000007eabdfe030 mode 0
Event: 1.338 Thread 0x00000258228eb080 DEOPT PACKING pc=0x000002580b4f7744 sp=0x0000007eabdfeb40
Event: 1.338 Thread 0x00000258228eb080 DEOPT UNPACKING pc=0x000002580adfe23f sp=0x0000007eabdfe030 mode 0
Event: 1.338 Thread 0x00000258228eb080 DEOPT PACKING pc=0x000002580b4f7744 sp=0x0000007eabdfeb40
Event: 1.338 Thread 0x00000258228eb080 DEOPT UNPACKING pc=0x000002580adfe23f sp=0x0000007eabdfe030 mode 0
Event: 1.338 Thread 0x00000258228eb080 DEOPT PACKING pc=0x000002580b4f7744 sp=0x0000007eabdfeb40
Event: 1.338 Thread 0x00000258228eb080 DEOPT UNPACKING pc=0x000002580adfe23f sp=0x0000007eabdfe030 mode 0
Event: 1.338 Thread 0x00000258228eb080 DEOPT PACKING pc=0x000002580b4f7744 sp=0x0000007eabdfeb40
Event: 1.338 Thread 0x00000258228eb080 DEOPT UNPACKING pc=0x000002580adfe23f sp=0x0000007eabdfe030 mode 0
Event: 5.382 Thread 0x0000025822563390 Uncommon trap: trap_request=0xffffffde fr.pc=0x00000258128a073c relative=0x000000000000019c
Event: 5.382 Thread 0x0000025822563390 Uncommon trap: reason=class_check action=maybe_recompile pc=0x00000258128a073c method=java.lang.String.equals(Ljava/lang/Object;)Z @ 8 c2
Event: 5.382 Thread 0x0000025822563390 DEOPT PACKING pc=0x00000258128a073c sp=0x0000007eabcfde40
Event: 5.382 Thread 0x0000025822563390 DEOPT UNPACKING pc=0x000002580adfe42f sp=0x0000007eabcfdde8 mode 2

Classes unloaded (0 events):
No events

Classes redefined (0 events):
No events

Internal exceptions (20 events):
Event: 0.225 Thread 0x0000025805b71240 Exception <a 'java/lang/ClassNotFoundException'{0x0000000089c5a678}: sun/awt/resources/spi/awtProvider> (0x0000000089c5a678) 
thrown [./open/src/hotspot/share/classfile/systemDictionary.cpp, line 295]
Event: 0.283 Thread 0x0000025805b71240 Exception <a 'java/io/FileNotFoundException'{0x0000000089cb67b0}> (0x0000000089cb67b0) 
thrown [./open/src/hotspot/share/prims/jni.cpp, line 578]
Event: 0.303 Thread 0x0000025805b71240 Exception <a 'java/io/FileNotFoundException'{0x0000000089ce5098}> (0x0000000089ce5098) 
thrown [./open/src/hotspot/share/prims/jni.cpp, line 578]
Event: 0.303 Thread 0x0000025805b71240 Exception <a 'java/lang/NoSuchMethodError'{0x0000000089ce63f8}: 'java.lang.Object java.lang.invoke.DirectMethodHandle$Holder.invokeStatic(java.lang.Object)'> (0x0000000089ce63f8) 
thrown [./open/src/hotspot/share/interpreter/linkResolver.cpp, line 782]
Event: 0.367 Thread 0x0000025805b71240 Exception <a 'java/lang/NoSuchMethodError'{0x0000000089b433e0}: 'java.lang.Object java.lang.invoke.DirectMethodHandle$Holder.invokeStaticInit(java.lang.Object)'> (0x0000000089b433e0) 
thrown [./open/src/hotspot/share/interpreter/linkResolver.cpp, line 782]
Event: 0.408 Thread 0x0000025805b71240 Exception <a 'java/lang/NoSuchMethodError'{0x0000000089bf7bb8}: 'java.lang.Object java.lang.invoke.DirectMethodHandle$Holder.newInvokeSpecial(java.lang.Object, java.lang.Object, java.lang.Object, java.lang.Object, java.lang.Object)'> (0x0000000089bf7bb8) 
thrown [./open/src/hotspot/share/interpreter/linkResolver.cpp, line 782]
Event: 0.410 Thread 0x0000025805b71240 Exception <a 'java/lang/NoSuchMethodError'{0x0000000089a03b20}: 'java.lang.Object java.lang.invoke.DirectMethodHandle$Holder.invokeStatic(java.lang.Object, int, java.lang.Object, java.lang.Object, java.lang.Object, java.lang.Object)'> (0x0000000089a03b20) 
thrown [./open/src/hotspot/share/interpreter/linkResolver.cpp, line 782]
Event: 0.413 Thread 0x0000025805b71240 Exception <a 'java/lang/NoSuchMethodError'{0x0000000089a29dc8}: 'java.lang.Object java.lang.invoke.DirectMethodHandle$Holder.invokeStatic(java.lang.Object, int, java.lang.Object)'> (0x0000000089a29dc8) 
thrown [./open/src/hotspot/share/interpreter/linkResolver.cpp, line 782]
Event: 0.433 Thread 0x0000025805b71240 Exception <a 'java/lang/ClassNotFoundException'{0x0000000089ae2288}: com/sun/swing/internal/plaf/metal/resources/spi/metalProvider> (0x0000000089ae2288) 
thrown [./open/src/hotspot/share/classfile/systemDictionary.cpp, line 295]
Event: 0.434 Thread 0x0000025805b71240 Exception <a 'java/lang/ClassNotFoundException'{0x0000000089ae62e8}: com/sun/swing/internal/plaf/basic/resources/spi/basicProvider> (0x0000000089ae62e8) 
thrown [./open/src/hotspot/share/classfile/systemDictionary.cpp, line 295]
Event: 0.459 Thread 0x0000025805b71240 Exception <a 'java/lang/NoSuchMethodError'{0x00000000899318a8}: 'void java.lang.invoke.DirectMethodHandle$Holder.invokeStatic(java.lang.Object, java.lang.Object)'> (0x00000000899318a8) 
thrown [./open/src/hotspot/share/interpreter/linkResolver.cpp, line 782]
Event: 0.459 Thread 0x0000025805b71240 Exception <a 'java/lang/NoSuchMethodError'{0x00000000899352b0}: 'void java.lang.invoke.DirectMethodHandle$Holder.invokeStaticInit(java.lang.Object, java.lang.Object)'> (0x00000000899352b0) 
thrown [./open/src/hotspot/share/interpreter/linkResolver.cpp, line 782]
Event: 0.467 Thread 0x0000025805b71240 Exception <a 'java/lang/NoSuchMethodError'{0x0000000089962748}: 'java.lang.Object java.lang.invoke.DirectMethodHandle$Holder.invokeStaticInit(java.lang.Object, int, int, int, int)'> (0x0000000089962748) 
thrown [./open/src/hotspot/share/interpreter/linkResolver.cpp, line 782]
Event: 0.519 Thread 0x0000025805b71240 Exception <a 'java/lang/NoSuchMethodError'{0x0000000089990980}: 'java.lang.Object java.lang.invoke.DirectMethodHandle$Holder.invokeStaticInit(java.lang.Object, java.lang.Object, int, int, int, int)'> (0x0000000089990980) 
thrown [./open/src/hotspot/share/interpreter/linkResolver.cpp, line 782]
Event: 0.543 Thread 0x0000025805b71240 Exception <a 'java/lang/NoSuchMethodError'{0x00000000899aa5f8}: 'void java.lang.invoke.DirectMethodHandle$Holder.invokeStatic(java.lang.Object, java.lang.Object, java.lang.Object)'> (0x00000000899aa5f8) 
thrown [./open/src/hotspot/share/interpreter/linkResolver.cpp, line 782]
Event: 0.697 Thread 0x0000025805b71240 Exception <a 'org/lwjgl/LWJGLException'{0x0000000089701368}> (0x0000000089701368) 
thrown [./open/src/hotspot/share/prims/jni.cpp, line 578]
Event: 0.697 Thread 0x0000025805b71240 Exception <a 'org/lwjgl/LWJGLException'{0x0000000089701968}> (0x0000000089701968) 
thrown [./open/src/hotspot/share/prims/jni.cpp, line 578]
Event: 0.697 Thread 0x0000025805b71240 Exception <a 'org/lwjgl/LWJGLException'{0x0000000089701fa8}> (0x0000000089701fa8) 
thrown [./open/src/hotspot/share/prims/jni.cpp, line 578]
Event: 1.225 Thread 0x0000025805b71240 Exception <a 'java/lang/NoSuchMethodError'{0x0000000089610d40}: 'void java.lang.invoke.DirectMethodHandle$Holder.invokeStaticInit(java.lang.Object)'> (0x0000000089610d40) 
thrown [./open/src/hotspot/share/interpreter/linkResolver.cpp, line 782]
Event: 1.239 Thread 0x00000258228eb080 Implicit null exception at 0x00000258128bab54 to 0x00000258128bb0f4

Events (20 events):
Event: 5.382 loading class javax/swing/Popup
Event: 5.382 loading class javax/swing/Popup done
Event: 5.382 loading class javax/swing/PopupFactory$ContainerPopup done
Event: 5.382 loading class javax/swing/PopupFactory$LightWeightPopup done
Event: 5.382 loading class javax/swing/JDialog
Event: 5.382 loading class javax/swing/JDialog done
Event: 5.382 loading class javax/swing/JApplet
Event: 5.383 loading class javax/swing/JApplet done
Event: 5.383 Executing VM operation: HandshakeAllThreads
Event: 5.383 Executing VM operation: HandshakeAllThreads done
Event: 5.384 loading class sun/awt/UngrabEvent
Event: 5.384 loading class sun/awt/UngrabEvent done
Event: 5.767 loading class javax/swing/Autoscroller
Event: 5.767 loading class javax/swing/Autoscroller done
Event: 5.767 loading class javax/swing/plaf/basic/BasicPopupMenuUI$MouseGrabber$2
Event: 5.767 loading class javax/swing/plaf/basic/BasicPopupMenuUI$MouseGrabber$2 done
Event: 6.307 Executing VM operation: G1CollectForAllocation
Event: 6.314 Executing VM operation: G1CollectForAllocation done
Event: 6.326 Thread 0x000002582413f570 Thread added: 0x000002582413f570
Event: 6.327 Thread 0x000002582413c080 Thread added: 0x000002582413c080


Dynamic libraries:
0x00007ff721c10000 - 0x00007ff721c1d000 	C:\Users\olepo\.p2\pool\plugins\org.eclipse.justj.openjdk.hotspot.jre.full.win32.x86_64_15.0.1.v20201027-0507\jre\bin\javaw.exe
0x00007ffbc3090000 - 0x00007ffbc3286000 	C:\Windows\SYSTEM32\ntdll.dll
0x00007ffbc19a0000 - 0x00007ffbc1a5d000 	C:\Windows\System32\KERNEL32.DLL
0x00007ffbc0930000 - 0x00007ffbc0bf9000 	C:\Windows\System32\KERNELBASE.dll
0x00007ffbc0fc0000 - 0x00007ffbc10c0000 	C:\Windows\System32\ucrtbase.dll
0x00007ffbbb200000 - 0x00007ffbbb218000 	C:\Users\olepo\.p2\pool\plugins\org.eclipse.justj.openjdk.hotspot.jre.full.win32.x86_64_15.0.1.v20201027-0507\jre\bin\jli.dll
0x00007ffbc2930000 - 0x00007ffbc2ad0000 	C:\Windows\System32\USER32.dll
0x00007ffbc0e90000 - 0x00007ffbc0eb2000 	C:\Windows\System32\win32u.dll
0x00007ffbc2f90000 - 0x00007ffbc2fba000 	C:\Windows\System32\GDI32.dll
0x00007ffbc0d80000 - 0x00007ffbc0e8b000 	C:\Windows\System32\gdi32full.dll
0x00007ffbc0c00000 - 0x00007ffbc0c9d000 	C:\Windows\System32\msvcp_win.dll
0x00007ffbb9910000 - 0x00007ffbb9929000 	C:\Users\olepo\.p2\pool\plugins\org.eclipse.justj.openjdk.hotspot.jre.full.win32.x86_64_15.0.1.v20201027-0507\jre\bin\VCRUNTIME140.dll
0x00007ffbae7a0000 - 0x00007ffbaea3b000 	C:\Windows\WinSxS\amd64_microsoft.windows.common-controls_6595b64144ccf1df_6.0.19041.746_none_ca02b4b61b8320a4\COMCTL32.dll
0x00007ffbc16b0000 - 0x00007ffbc174e000 	C:\Windows\System32\msvcrt.dll
0x00007ffbc1b30000 - 0x00007ffbc1b60000 	C:\Windows\System32\IMM32.DLL
0x00007ffbbc1b0000 - 0x00007ffbbc1bc000 	C:\Users\olepo\.p2\pool\plugins\org.eclipse.justj.openjdk.hotspot.jre.full.win32.x86_64_15.0.1.v20201027-0507\jre\bin\vcruntime140_1.dll
0x00007ffbb0d10000 - 0x00007ffbb0da1000 	C:\Users\olepo\.p2\pool\plugins\org.eclipse.justj.openjdk.hotspot.jre.full.win32.x86_64_15.0.1.v20201027-0507\jre\bin\msvcp140.dll
0x00007ffb595c0000 - 0x00007ffb5a11e000 	C:\Users\olepo\.p2\pool\plugins\org.eclipse.justj.openjdk.hotspot.jre.full.win32.x86_64_15.0.1.v20201027-0507\jre\bin\server\jvm.dll
0x00007ffbc2410000 - 0x00007ffbc24bc000 	C:\Windows\System32\ADVAPI32.dll
0x00007ffbc1900000 - 0x00007ffbc199c000 	C:\Windows\System32\sechost.dll
0x00007ffbc2ad0000 - 0x00007ffbc2bfb000 	C:\Windows\System32\RPCRT4.dll
0x00007ffbc1b60000 - 0x00007ffbc1b68000 	C:\Windows\System32\PSAPI.DLL
0x00007ffbad3c0000 - 0x00007ffbad3e7000 	C:\Windows\SYSTEM32\WINMM.dll
0x00007ffbbba20000 - 0x00007ffbbba2a000 	C:\Windows\SYSTEM32\VERSION.dll
0x00007ffbbc180000 - 0x00007ffbbc189000 	C:\Windows\SYSTEM32\WSOCK32.dll
0x00007ffbc2e70000 - 0x00007ffbc2edb000 	C:\Windows\System32\WS2_32.dll
0x00007ffbbf0a0000 - 0x00007ffbbf0b2000 	C:\Windows\SYSTEM32\kernel.appcore.dll
0x00007ffbbafe0000 - 0x00007ffbbafea000 	C:\Users\olepo\.p2\pool\plugins\org.eclipse.justj.openjdk.hotspot.jre.full.win32.x86_64_15.0.1.v20201027-0507\jre\bin\jimage.dll
0x00007ffbbeda0000 - 0x00007ffbbef84000 	C:\Windows\SYSTEM32\DBGHELP.DLL
0x00007ffbab890000 - 0x00007ffbab8bc000 	C:\Windows\SYSTEM32\dbgcore.DLL
0x00007ffbc0d00000 - 0x00007ffbc0d80000 	C:\Windows\System32\bcryptPrimitives.dll
0x00007ffbb1170000 - 0x00007ffbb1195000 	C:\Users\olepo\.p2\pool\plugins\org.eclipse.justj.openjdk.hotspot.jre.full.win32.x86_64_15.0.1.v20201027-0507\jre\bin\java.dll
0x00007ffbb1150000 - 0x00007ffbb1168000 	C:\Users\olepo\.p2\pool\plugins\org.eclipse.justj.openjdk.hotspot.jre.full.win32.x86_64_15.0.1.v20201027-0507\jre\bin\zip.dll
0x00007ffbc1c40000 - 0x00007ffbc2382000 	C:\Windows\System32\SHELL32.dll
0x00007ffbbe550000 - 0x00007ffbbece0000 	C:\Windows\SYSTEM32\windows.storage.dll
0x00007ffbc10f0000 - 0x00007ffbc1446000 	C:\Windows\System32\combase.dll
0x00007ffbc0230000 - 0x00007ffbc025c000 	C:\Windows\SYSTEM32\Wldp.dll
0x00007ffbc2d30000 - 0x00007ffbc2dde000 	C:\Windows\System32\SHCORE.dll
0x00007ffbc1b80000 - 0x00007ffbc1bd5000 	C:\Windows\System32\shlwapi.dll
0x00007ffbc0700000 - 0x00007ffbc0726000 	C:\Windows\SYSTEM32\profapi.dll
0x00007ffbb1130000 - 0x00007ffbb1149000 	C:\Users\olepo\.p2\pool\plugins\org.eclipse.justj.openjdk.hotspot.jre.full.win32.x86_64_15.0.1.v20201027-0507\jre\bin\net.dll
0x00007ffbb1bd0000 - 0x00007ffbb1cd0000 	C:\Windows\SYSTEM32\WINHTTP.dll
0x00007ffbbffb0000 - 0x00007ffbc001a000 	C:\Windows\system32\mswsock.dll
0x00007ffbb1110000 - 0x00007ffbb1122000 	C:\Users\olepo\.p2\pool\plugins\org.eclipse.justj.openjdk.hotspot.jre.full.win32.x86_64_15.0.1.v20201027-0507\jre\bin\nio.dll
0x00007ffb7d260000 - 0x00007ffb7d3df000 	C:\Users\olepo\.p2\pool\plugins\org.eclipse.justj.openjdk.hotspot.jre.full.win32.x86_64_15.0.1.v20201027-0507\jre\bin\awt.dll
0x00007ffbc1a60000 - 0x00007ffbc1b2d000 	C:\Windows\System32\OLEAUT32.dll
0x00007ffbbdce0000 - 0x00007ffbbdd70000 	C:\Windows\SYSTEM32\apphelp.dll
0x00007ffbbe260000 - 0x00007ffbbe28f000 	C:\Windows\system32\DWMAPI.DLL
0x00007ffbbddd0000 - 0x00007ffbbde6e000 	C:\Windows\system32\uxtheme.dll
0x00007ffbad5e0000 - 0x00007ffbad705000 	C:\Windows\system32\opengl32.dll
0x00007ffbb19e0000 - 0x00007ffbb1a0c000 	C:\Windows\SYSTEM32\GLU32.dll
0x00007ffbc1450000 - 0x00007ffbc1565000 	C:\Windows\System32\MSCTF.dll
0x00007ffbc2c00000 - 0x00007ffbc2d2a000 	C:\Windows\System32\ole32.dll
0x00007ffbc0180000 - 0x00007ffbc0198000 	C:\Windows\SYSTEM32\CRYPTSP.dll
0x00007ffbbf8e0000 - 0x00007ffbbf914000 	C:\Windows\system32\rsaenh.dll
0x00007ffbc10c0000 - 0x00007ffbc10e7000 	C:\Windows\System32\bcrypt.dll
0x00007ffbc06c0000 - 0x00007ffbc06ee000 	C:\Windows\SYSTEM32\USERENV.dll
0x00007ffbc01a0000 - 0x00007ffbc01ac000 	C:\Windows\SYSTEM32\CRYPTBASE.dll
0x00007ffbbfc50000 - 0x00007ffbbfc8b000 	C:\Windows\SYSTEM32\IPHLPAPI.DLL
0x00007ffbc2fc0000 - 0x00007ffbc2fc8000 	C:\Windows\System32\NSI.dll
0x00007ffbb82c0000 - 0x00007ffbb82d7000 	C:\Windows\SYSTEM32\dhcpcsvc6.DLL
0x00007ffbb81b0000 - 0x00007ffbb81cd000 	C:\Windows\SYSTEM32\dhcpcsvc.DLL
0x00007ffbbfc90000 - 0x00007ffbbfd5b000 	C:\Windows\SYSTEM32\DNSAPI.dll
0x00007ffbb0c80000 - 0x00007ffbb0d05000 	C:\Users\olepo\.p2\pool\plugins\org.eclipse.justj.openjdk.hotspot.jre.full.win32.x86_64_15.0.1.v20201027-0507\jre\bin\freetype.dll
0x00007ffba5de0000 - 0x00007ffba5e89000 	C:\Users\olepo\.p2\pool\plugins\org.eclipse.justj.openjdk.hotspot.jre.full.win32.x86_64_15.0.1.v20201027-0507\jre\bin\fontmanager.dll
0x00007ffbbafd0000 - 0x00007ffbbafe0000 	C:\Users\olepo\.p2\pool\plugins\org.eclipse.justj.openjdk.hotspot.jre.full.win32.x86_64_15.0.1.v20201027-0507\jre\bin\verify.dll
0x0000000180000000 - 0x0000000180053000 	C:\Users\olepo\AppData\Local\Temp\NQueensFAF5425963499903076932\lwjgl64.dll
0x00007ffb8b360000 - 0x00007ffb8b384000 	C:\Windows\system32\OpenCL.dll
0x00007ffbc0f70000 - 0x00007ffbc0fbe000 	C:\Windows\System32\CFGMGR32.dll
0x00007ffbbf110000 - 0x00007ffbbf203000 	C:\Windows\SYSTEM32\dxgi.dll
0x00007ffb6e660000 - 0x00007ffb72bbf000 	C:\Windows\System32\DriverStore\FileRepository\u0364232.inf_amd64_ac01b1fb8d253d0b\B364161\amdocl64.dll
0x00007ffbc24c0000 - 0x00007ffbc2927000 	C:\Windows\System32\SETUPAPI.dll
0x00007ffb6e4a0000 - 0x00007ffb6e65f000 	C:\Windows\System32\DriverStore\FileRepository\u0364232.inf_amd64_ac01b1fb8d253d0b\B364161\atiadlxx.dll
0x00007ffb92aa0000 - 0x00007ffb92ae9000 	C:\Windows\SYSTEM32\pdh.dll
0x00007ffbbbb40000 - 0x00007ffbbbc37000 	C:\Windows\SYSTEM32\PROPSYS.dll
0x00007ffbc0570000 - 0x00007ffbc059c000 	C:\Windows\SYSTEM32\DEVOBJ.dll
0x00007ffbc0ca0000 - 0x00007ffbc0d00000 	C:\Windows\System32\WINTRUST.dll
0x00007ffbc07d0000 - 0x00007ffbc0926000 	C:\Windows\System32\CRYPT32.dll
0x00007ffbc03b0000 - 0x00007ffbc03c2000 	C:\Windows\SYSTEM32\MSASN1.dll
0x00007ffb8b390000 - 0x00007ffb8b3cc000 	C:\Windows\System32\DriverStore\FileRepository\u0364232.inf_amd64_ac01b1fb8d253d0b\B364161\atig6txx.dll
0x00007ffb6ca50000 - 0x00007ffb6e49a000 	C:\Windows\System32\DriverStore\FileRepository\u0364232.inf_amd64_ac01b1fb8d253d0b\B364161\amdocl12cl64.dll
0x00007ffb67e20000 - 0x00007ffb6ca4c000 	C:\Windows\System32\DriverStore\FileRepository\u0364232.inf_amd64_ac01b1fb8d253d0b\B364161\amd_comgr.dll
0x00007ffb72bc0000 - 0x00007ffb730ef000 	C:\Windows\System32\DriverStore\FileRepository\igdlh64.inf_amd64_2cec8fd58a80e6ea\igdrcl64.dll
0x00007ffbb4e90000 - 0x00007ffbb50cf000 	C:\Windows\System32\DriverStore\FileRepository\igdlh64.inf_amd64_2cec8fd58a80e6ea\igdgmm64.dll
0x00007ffbbb9c0000 - 0x00007ffbbb9fb000 	C:\Windows\SYSTEM32\dxcore.dll
0x00007ffb7cf20000 - 0x00007ffb7d011000 	C:\Windows\System32\DriverStore\FileRepository\igdlh64.inf_amd64_2cec8fd58a80e6ea\igdfcl64.dll
0x00007ffbb2180000 - 0x00007ffbb4de2000 	C:\Windows\System32\DriverStore\FileRepository\igdlh64.inf_amd64_2cec8fd58a80e6ea\igc64.dll
0x00007ffbc2ee0000 - 0x00007ffbc2f89000 	C:\Windows\System32\clbcatq.dll
0x00007ffbb8610000 - 0x00007ffbb87c4000 	C:\Windows\SYSTEM32\WindowsCodecs.dll
0x00007ffbac000000 - 0x00007ffbac03e000 	C:\Windows\system32\dataexchange.dll
0x00007ffbbcf60000 - 0x00007ffbbd1c4000 	C:\Windows\system32\d3d11.dll
0x00007ffbbd1e0000 - 0x00007ffbbd3c7000 	C:\Windows\system32\dcomp.dll
0x00007ffbb9020000 - 0x00007ffbb9221000 	C:\Windows\system32\twinapi.appcore.dll
0x00007ffbb1e30000 - 0x00007ffbb1f2b000 	C:\Windows\SYSTEM32\textinputframework.dll
0x00007ffbbdab0000 - 0x00007ffbbdba2000 	C:\Windows\System32\CoreMessaging.dll
0x00007ffbbd3d0000 - 0x00007ffbbd72e000 	C:\Windows\System32\CoreUIComponents.dll
0x00007ffbbc2c0000 - 0x00007ffbbc414000 	C:\Windows\SYSTEM32\wintypes.dll
0x00007ffbbf510000 - 0x00007ffbbf543000 	C:\Windows\SYSTEM32\ntmarta.dll

dbghelp: loaded successfully - version: 4.0.5 - missing functions: none
symbol engine: initialized successfully - sym options: 0x614 - pdb path: .;C:\Users\olepo\.p2\pool\plugins\org.eclipse.justj.openjdk.hotspot.jre.full.win32.x86_64_15.0.1.v20201027-0507\jre\bin;C:\Windows\SYSTEM32;C:\Windows\WinSxS\amd64_microsoft.windows.common-controls_6595b64144ccf1df_6.0.19041.746_none_ca02b4b61b8320a4;C:\Users\olepo\.p2\pool\plugins\org.eclipse.justj.openjdk.hotspot.jre.full.win32.x86_64_15.0.1.v20201027-0507\jre\bin\server;C:\Users\olepo\AppData\Local\Temp\NQueensFAF5425963499903076932;C:\Windows\System32\DriverStore\FileRepository\u0364232.inf_amd64_ac01b1fb8d253d0b\B364161;C:\Windows\System32\DriverStore\FileRepository\igdlh64.inf_amd64_2cec8fd58a80e6ea

VM Arguments:
jvm_args: -Dfile.encoding=Cp1252 -XX:+ShowCodeDetailsInExceptionMessages 
java_command: main.Main
java_class_path (initial): D:\privat\Computerzeugs\Java\workspace\NQueensFAF\bin;D:\privat\Computerzeugs\Java\workspace\NQueensFAF\extern_lib\hppc\hppc-0.7.2.jar;D:\privat\Computerzeugs\Java\workspace\NQueensFAF\extern_lib\lwjgl-2.9.3\jar\lwjgl.jar
Launcher Type: SUN_STANDARD

[Global flags]
     intx CICompilerCount                          = 3                                         {product} {ergonomic}
     uint ConcGCThreads                            = 1                                         {product} {ergonomic}
     uint G1ConcRefinementThreads                  = 4                                         {product} {ergonomic}
   size_t G1HeapRegionSize                         = 1048576                                   {product} {ergonomic}
    uintx GCDrainStackTargetSize                   = 64                                        {product} {ergonomic}
   size_t InitialHeapSize                          = 134217728                                 {product} {ergonomic}
   size_t MarkStackSize                            = 4194304                                   {product} {ergonomic}
   size_t MaxHeapSize                              = 2116026368                                {product} {ergonomic}
   size_t MaxNewSize                               = 1268776960                                {product} {ergonomic}
   size_t MinHeapDeltaBytes                        = 1048576                                   {product} {ergonomic}
   size_t MinHeapSize                              = 8388608                                   {product} {ergonomic}
    uintx NonNMethodCodeHeapSize                   = 5832780                                {pd product} {ergonomic}
    uintx NonProfiledCodeHeapSize                  = 122912730                              {pd product} {ergonomic}
    uintx ProfiledCodeHeapSize                     = 122912730                              {pd product} {ergonomic}
    uintx ReservedCodeCacheSize                    = 251658240                              {pd product} {ergonomic}
     bool SegmentedCodeCache                       = true                                      {product} {ergonomic}
     bool ShowCodeDetailsInExceptionMessages       = true                                   {manageable} {command line}
   size_t SoftMaxHeapSize                          = 2116026368                             {manageable} {ergonomic}
     bool UseCompressedClassPointers               = true                                 {lp64_product} {ergonomic}
     bool UseCompressedOops                        = true                                 {lp64_product} {ergonomic}
     bool UseG1GC                                  = true                                      {product} {ergonomic}
     bool UseLargePagesIndividualAllocation        = false                                  {pd product} {ergonomic}

Logging:
Log output configuration:
 #0: stdout all=warning uptime,level,tags
 #1: stderr all=off uptime,level,tags

Environment Variables:
JAVA_HOME=C:\Program Files\Java\jdk-15.0.1
PATH=C:/Users/olepo/.p2/pool/plugins/org.eclipse.justj.openjdk.hotspot.jre.full.win32.x86_64_15.0.1.v20201027-0507/jre/bin/server;C:/Users/olepo/.p2/pool/plugins/org.eclipse.justj.openjdk.hotspot.jre.full.win32.x86_64_15.0.1.v20201027-0507/jre/bin;D:\Programme\Inno Setup 6\;C:\Program Files\Java\jdk-15.0.1\bin;C:\Program Files\Java\graalvm-ee-java11-21.0.0\bin;D:\Programme\devkitPro\msys2\usr\bin;C:\Windows\system32;C:\Windows;C:\Windows\System32\Wbem;C:\Windows\System32\WindowsPowerShell\v1.0\;C:\Windows\System32\OpenSSH\;C:\Program Files\dotnet\;C:\Program Files\Microsoft SQL Server\130\Tools\Binn\;D:\Programme\Gpg4win\..\GnuPG\bin;C:\Users\olepo\AppData\Local\Microsoft\WindowsApps;C:\Users\olepo\AppData\Local\GitHubDesktop\bin;C:\Users\olepo\.dotnet\tools;C:\Program Files\Microsoft Windows Performance Toolkit\;D:\Programme\MinGW\bin;D:\privat\Computerzeugs\Java\libraries\javacpp-platform-1.5.4-bin;C:\Program Files\Java\jdk1.8.0_281\bin;C:\Users\olepo\AppData\Local\Programs\Python\Python39;C:\Users\olepo\AppData\Local\Programs\Python\Python39\Scripts\;C:\Users\olepo\AppData\Local\Programs\Python\Python39\;D:\Programme\Python3.9.2\Scripts\;D:\Programme\Python3.9.2\;C:\Users\olepo\AppData\Local\Microsoft\WindowsApps;C:\Users\olepo\AppData\Local\GitHubDesktop\bin;C:\Users\olepo\.dotnet\tools;;C:\Users\olepo\Desktop\Dev;
USERNAME=olepo
OS=Windows_NT
PROCESSOR_IDENTIFIER=Intel64 Family 6 Model 142 Stepping 9, GenuineIntel



---------------  S Y S T E M  ---------------

OS:
 Windows 10 , 64 bit Build 19041 (10.0.19041.804)
OS uptime: 0 days 13:41 hours

CPU: total 4 (initial active 4) (2 cores per cpu, 2 threads per core) family 6 model 142 stepping 9 microcode 0xb4, cmov, cx8, fxsr, mmx, sse, sse2, sse3, ssse3, sse4.1, sse4.2, popcnt, vzeroupper, avx, avx2, aes, clmul, erms, 3dnowpref, lzcnt, ht, tsc, tscinvbit, bmi1, bmi2, adx, fma, clflush, clflushopt

Memory: 4k page, system-wide physical 8071M (2199M free)
TotalPageFile size 12935M (AvailPageFile size 5377M)
current process WorkingSet (physical memory assigned to process): 153M, peak: 154M
current process commit charge ("private bytes"): 261M, peak: 268M

vm_info: OpenJDK 64-Bit Server VM (15.0.1+9-18) for windows-amd64 JRE (15.0.1+9-18), built on Sep 15 2020 14:39:31 by "mach5one" with unknown MS VC++:1925

END.
